1524054865684	geckodriver	INFO	geckodriver 0.20.1
1524054865764	geckodriver	INFO	Listening on 127.0.0.1:54427
1524054866719	mozrunner::runner	INFO	Running command: "/Applications/Firefox.app/Contents/MacOS/firefox-bin" "-marionette" "-profile" "/var/folders/zb/djk3pl296tj70k8nn1vp1zqm0000gp/T/rust_mozprofile.xVlDQugxnCLu"
1524054867941	Marionette	INFO	Listening on port 2828
2018-04-18 14:34:29.614 plugin-container[81527:8018033] *** CFMessagePort: bootstrap_register(): failed 1100 (0x44c) 'Permission denied', port = 0x763b, name = 'com.apple.tsm.portname'
See /usr/include/servers/bootstrap_defs.h for the error codes.
1524054992311	geckodriver	INFO	geckodriver 0.20.1
1524054992392	geckodriver	INFO	Listening on 127.0.0.1:60802
1524054993334	mozrunner::runner	INFO	Running command: "/Applications/Firefox.app/Contents/MacOS/firefox-bin" "-marionette" "-profile" "/var/folders/zb/djk3pl296tj70k8nn1vp1zqm0000gp/T/rust_mozprofile.XJpRnUwgEpXQ"
1524054994379	Marionette	INFO	Listening on port 2828
2018-04-18 14:36:35.872 plugin-container[81560:8023734] *** CFMessagePort: bootstrap_register(): failed 1100 (0x44c) 'Permission denied', port = 0x7437, name = 'com.apple.tsm.portname'
See /usr/include/servers/bootstrap_defs.h for the error codes.
1524055115563	geckodriver	INFO	geckodriver 0.20.1
1524055115644	geckodriver	INFO	Listening on 127.0.0.1:50118
1524055116586	mozrunner::runner	INFO	Running command: "/Applications/Firefox.app/Contents/MacOS/firefox-bin" "-marionette" "-profile" "/var/folders/zb/djk3pl296tj70k8nn1vp1zqm0000gp/T/rust_mozprofile.zqUQMAbxxQlV"
1524055117637	Marionette	ERROR	Error on starting server: [Exception... "Component returned failure code: 0x804b0036 (NS_ERROR_SOCKET_ADDRESS_IN_USE) [nsIServerSocket.initSpecialConnection]"  nsresult: "0x804b0036 (NS_ERROR_SOCKET_ADDRESS_IN_USE)"  location: "JS frame :: chrome://marionette/content/server.js :: MarionetteServer.prototype.start :: line 95"  data: no]
[Exception... "Component returned failure code: 0x804b0036 (NS_ERROR_SOCKET_ADDRESS_IN_USE) [nsIServerSocket.initSpecialConnection]"  nsresult: "0x804b0036 (NS_ERROR_SOCKET_ADDRESS_IN_USE)"  location: "JS frame :: chrome://marionette/content/server.js :: MarionetteServer.prototype.start :: line 95"  data: no]
MarionetteServer.prototype.start@chrome://marionette/content/server.js:95:19
MarionetteComponent.prototype.init@jar:file:///Applications/Firefox.app/Contents/Resources/omni.ja!/components/marionette.js:217:5
MarionetteComponent.prototype.handle@jar:file:///Applications/Firefox.app/Contents/Resources/omni.ja!/components/marionette.js:112:5

2018-04-18 14:38:39.166 plugin-container[81591:8028771] *** CFMessagePort: bootstrap_register(): failed 1100 (0x44c) 'Permission denied', port = 0x833b, name = 'com.apple.tsm.portname'
See /usr/include/servers/bootstrap_defs.h for the error codes.
1524055187990	geckodriver	INFO	geckodriver 0.20.1
1524055188072	geckodriver	INFO	Listening on 127.0.0.1:53901
1524055189008	mozrunner::runner	INFO	Running command: "/Applications/Firefox.app/Contents/MacOS/firefox-bin" "-marionette" "-profile" "/var/folders/zb/djk3pl296tj70k8nn1vp1zqm0000gp/T/rust_mozprofile.IhaQBvJNYKF4"
1524055189989	Marionette	ERROR	Error on starting server: [Exception... "Component returned failure code: 0x804b0036 (NS_ERROR_SOCKET_ADDRESS_IN_USE) [nsIServerSocket.initSpecialConnection]"  nsresult: "0x804b0036 (NS_ERROR_SOCKET_ADDRESS_IN_USE)"  location: "JS frame :: chrome://marionette/content/server.js :: MarionetteServer.prototype.start :: line 95"  data: no]
[Exception... "Component returned failure code: 0x804b0036 (NS_ERROR_SOCKET_ADDRESS_IN_USE) [nsIServerSocket.initSpecialConnection]"  nsresult: "0x804b0036 (NS_ERROR_SOCKET_ADDRESS_IN_USE)"  location: "JS frame :: chrome://marionette/content/server.js :: MarionetteServer.prototype.start :: line 95"  data: no]
MarionetteServer.prototype.start@chrome://marionette/content/server.js:95:19
MarionetteComponent.prototype.init@jar:file:///Applications/Firefox.app/Contents/Resources/omni.ja!/components/marionette.js:217:5
MarionetteComponent.prototype.handle@jar:file:///Applications/Firefox.app/Contents/Resources/omni.ja!/components/marionette.js:112:5

2018-04-18 14:39:51.446 plugin-container[81601:8030846] *** CFMessagePort: bootstrap_register(): failed 1100 (0x44c) 'Permission denied', port = 0x823b, name = 'com.apple.tsm.portname'
See /usr/include/servers/bootstrap_defs.h for the error codes.
1524055268084	geckodriver	INFO	geckodriver 0.20.1
1524055268163	geckodriver	INFO	Listening on 127.0.0.1:57746
1524055269105	mozrunner::runner	INFO	Running command: "/Applications/Firefox.app/Contents/MacOS/firefox-bin" "-marionette" "-profile" "/var/folders/zb/djk3pl296tj70k8nn1vp1zqm0000gp/T/rust_mozprofile.zsWX9DpgTapL"
1524055270115	Marionette	ERROR	Error on starting server: [Exception... "Component returned failure code: 0x804b0036 (NS_ERROR_SOCKET_ADDRESS_IN_USE) [nsIServerSocket.initSpecialConnection]"  nsresult: "0x804b0036 (NS_ERROR_SOCKET_ADDRESS_IN_USE)"  location: "JS frame :: chrome://marionette/content/server.js :: MarionetteServer.prototype.start :: line 95"  data: no]
[Exception... "Component returned failure code: 0x804b0036 (NS_ERROR_SOCKET_ADDRESS_IN_USE) [nsIServerSocket.initSpecialConnection]"  nsresult: "0x804b0036 (NS_ERROR_SOCKET_ADDRESS_IN_USE)"  location: "JS frame :: chrome://marionette/content/server.js :: MarionetteServer.prototype.start :: line 95"  data: no]
MarionetteServer.prototype.start@chrome://marionette/content/server.js:95:19
MarionetteComponent.prototype.init@jar:file:///Applications/Firefox.app/Contents/Resources/omni.ja!/components/marionette.js:217:5
MarionetteComponent.prototype.handle@jar:file:///Applications/Firefox.app/Contents/Resources/omni.ja!/components/marionette.js:112:5

2018-04-18 14:41:11.625 plugin-container[81613:8032944] *** CFMessagePort: bootstrap_register(): failed 1100 (0x44c) 'Permission denied', port = 0x803b, name = 'com.apple.tsm.portname'
See /usr/include/servers/bootstrap_defs.h for the error codes.
*************************
A coding exception was thrown and uncaught in a Task.

Full message: TypeError: NetworkError when attempting to fetch resource.
Full stack: 
*************************
*************************
A coding exception was thrown and uncaught in a Task.

Full message: TypeError: NetworkError when attempting to fetch resource.
Full stack: 
*************************
*************************
A coding exception was thrown and uncaught in a Task.

Full message: TypeError: NetworkError when attempting to fetch resource.
Full stack: 
*************************
*************************
A coding exception was thrown and uncaught in a Task.

Full message: TypeError: NetworkError when attempting to fetch resource.
Full stack: 
*************************
1524058569993	geckodriver	INFO	geckodriver 0.20.1
1524058570091	geckodriver	INFO	Listening on 127.0.0.1:50200
1524058570823	mozrunner::runner	INFO	Running command: "/Applications/Firefox.app/Contents/MacOS/firefox-bin" "-marionette" "-profile" "/var/folders/zb/djk3pl296tj70k8nn1vp1zqm0000gp/T/rust_mozprofile.V5D3GVtA5MHK"
1524058571985	Marionette	INFO	Listening on port 2828
2018-04-18 15:36:13.632 plugin-container[688:7035] *** CFMessagePort: bootstrap_register(): failed 1100 (0x44c) 'Permission denied', port = 0x783b, name = 'com.apple.tsm.portname'
See /usr/include/servers/bootstrap_defs.h for the error codes.
1524058764271	geckodriver	INFO	geckodriver 0.20.1
1524058764364	geckodriver	INFO	Listening on 127.0.0.1:59220
1524058765279	mozrunner::runner	INFO	Running command: "/Applications/Firefox.app/Contents/MacOS/firefox-bin" "-marionette" "-profile" "/var/folders/zb/djk3pl296tj70k8nn1vp1zqm0000gp/T/rust_mozprofile.T42HCFIWuxyN"
1524058766223	Marionette	ERROR	Error on starting server: [Exception... "Component returned failure code: 0x804b0036 (NS_ERROR_SOCKET_ADDRESS_IN_USE) [nsIServerSocket.initSpecialConnection]"  nsresult: "0x804b0036 (NS_ERROR_SOCKET_ADDRESS_IN_USE)"  location: "JS frame :: chrome://marionette/content/server.js :: MarionetteServer.prototype.start :: line 95"  data: no]
[Exception... "Component returned failure code: 0x804b0036 (NS_ERROR_SOCKET_ADDRESS_IN_USE) [nsIServerSocket.initSpecialConnection]"  nsresult: "0x804b0036 (NS_ERROR_SOCKET_ADDRESS_IN_USE)"  location: "JS frame :: chrome://marionette/content/server.js :: MarionetteServer.prototype.start :: line 95"  data: no]
MarionetteServer.prototype.start@chrome://marionette/content/server.js:95:19
MarionetteComponent.prototype.init@jar:file:///Applications/Firefox.app/Contents/Resources/omni.ja!/components/marionette.js:217:5
MarionetteComponent.prototype.handle@jar:file:///Applications/Firefox.app/Contents/Resources/omni.ja!/components/marionette.js:112:5

2018-04-18 15:39:27.608 plugin-container[795:12786] *** CFMessagePort: bootstrap_register(): failed 1100 (0x44c) 'Permission denied', port = 0x773b, name = 'com.apple.tsm.portname'
See /usr/include/servers/bootstrap_defs.h for the error codes.
[Child 795] ###!!! ABORT: Aborting on channel error.: file /builds/slave/m-rel-m64-00000000000000000000/build/src/ipc/glue/MessageChannel.cpp, line 2143
[Child 795] ###!!! ABORT: Aborting on channel error.: file /builds/slave/m-rel-m64-00000000000000000000/build/src/ipc/glue/MessageChannel.cpp, line 2143
1524058825178	geckodriver	INFO	geckodriver 0.20.1
1524058825255	geckodriver	INFO	Listening on 127.0.0.1:62992
1524058826197	mozrunner::runner	INFO	Running command: "/Applications/Firefox.app/Contents/MacOS/firefox-bin" "-marionette" "-profile" "/var/folders/zb/djk3pl296tj70k8nn1vp1zqm0000gp/T/rust_mozprofile.1uPenX8N5CBV"
1524058827146	Marionette	ERROR	Error on starting server: [Exception... "Component returned failure code: 0x804b0036 (NS_ERROR_SOCKET_ADDRESS_IN_USE) [nsIServerSocket.initSpecialConnection]"  nsresult: "0x804b0036 (NS_ERROR_SOCKET_ADDRESS_IN_USE)"  location: "JS frame :: chrome://marionette/content/server.js :: MarionetteServer.prototype.start :: line 95"  data: no]
[Exception... "Component returned failure code: 0x804b0036 (NS_ERROR_SOCKET_ADDRESS_IN_USE) [nsIServerSocket.initSpecialConnection]"  nsresult: "0x804b0036 (NS_ERROR_SOCKET_ADDRESS_IN_USE)"  location: "JS frame :: chrome://marionette/content/server.js :: MarionetteServer.prototype.start :: line 95"  data: no]
MarionetteServer.prototype.start@chrome://marionette/content/server.js:95:19
MarionetteComponent.prototype.init@jar:file:///Applications/Firefox.app/Contents/Resources/omni.ja!/components/marionette.js:217:5
MarionetteComponent.prototype.handle@jar:file:///Applications/Firefox.app/Contents/Resources/omni.ja!/components/marionette.js:112:5

2018-04-18 15:40:28.516 plugin-container[818:14472] *** CFMessagePort: bootstrap_register(): failed 1100 (0x44c) 'Permission denied', port = 0x7b3b, name = 'com.apple.tsm.portname'
See /usr/include/servers/bootstrap_defs.h for the error codes.
1524058889231	geckodriver	INFO	geckodriver 0.20.1
1524058889311	geckodriver	INFO	Listening on 127.0.0.1:50593
1524058890251	mozrunner::runner	INFO	Running command: "/Applications/Firefox.app/Contents/MacOS/firefox-bin" "-marionette" "-profile" "/var/folders/zb/djk3pl296tj70k8nn1vp1zqm0000gp/T/rust_mozprofile.S6ZyFUSeS4ow"
1524058891185	Marionette	INFO	Listening on port 2828
2018-04-18 15:41:32.594 plugin-container[860:16524] *** CFMessagePort: bootstrap_register(): failed 1100 (0x44c) 'Permission denied', port = 0x7a3b, name = 'com.apple.tsm.portname'
See /usr/include/servers/bootstrap_defs.h for the error codes.
1524059036282	geckodriver	INFO	geckodriver 0.20.1
1524059036373	geckodriver	INFO	Listening on 127.0.0.1:59038
1524059037275	mozrunner::runner	INFO	Running command: "/Applications/Firefox.app/Contents/MacOS/firefox-bin" "-marionette" "-profile" "/var/folders/zb/djk3pl296tj70k8nn1vp1zqm0000gp/T/rust_mozprofile.rzgdGxbZPSPe"
1524059038200	Marionette	ERROR	Error on starting server: [Exception... "Component returned failure code: 0x804b0036 (NS_ERROR_SOCKET_ADDRESS_IN_USE) [nsIServerSocket.initSpecialConnection]"  nsresult: "0x804b0036 (NS_ERROR_SOCKET_ADDRESS_IN_USE)"  location: "JS frame :: chrome://marionette/content/server.js :: MarionetteServer.prototype.start :: line 95"  data: no]
[Exception... "Component returned failure code: 0x804b0036 (NS_ERROR_SOCKET_ADDRESS_IN_USE) [nsIServerSocket.initSpecialConnection]"  nsresult: "0x804b0036 (NS_ERROR_SOCKET_ADDRESS_IN_USE)"  location: "JS frame :: chrome://marionette/content/server.js :: MarionetteServer.prototype.start :: line 95"  data: no]
MarionetteServer.prototype.start@chrome://marionette/content/server.js:95:19
MarionetteComponent.prototype.init@jar:file:///Applications/Firefox.app/Contents/Resources/omni.ja!/components/marionette.js:217:5
MarionetteComponent.prototype.handle@jar:file:///Applications/Firefox.app/Contents/Resources/omni.ja!/components/marionette.js:112:5

2018-04-18 15:43:59.657 plugin-container[894:19229] *** CFMessagePort: bootstrap_register(): failed 1100 (0x44c) 'Permission denied', port = 0x8c3b, name = 'com.apple.tsm.portname'
See /usr/include/servers/bootstrap_defs.h for the error codes.
JavaScript error: chrome://browser/content/places/browserPlacesViews.js, line 263: TypeError: this.controller is undefined
1524059160985	geckodriver	INFO	geckodriver 0.20.1
1524059161075	geckodriver	INFO	Listening on 127.0.0.1:50363
1524059161997	mozrunner::runner	INFO	Running command: "/Applications/Firefox.app/Contents/MacOS/firefox-bin" "-marionette" "-profile" "/var/folders/zb/djk3pl296tj70k8nn1vp1zqm0000gp/T/rust_mozprofile.uODJw6eQSEOK"
1524059162917	Marionette	ERROR	Error on starting server: [Exception... "Component returned failure code: 0x804b0036 (NS_ERROR_SOCKET_ADDRESS_IN_USE) [nsIServerSocket.initSpecialConnection]"  nsresult: "0x804b0036 (NS_ERROR_SOCKET_ADDRESS_IN_USE)"  location: "JS frame :: chrome://marionette/content/server.js :: MarionetteServer.prototype.start :: line 95"  data: no]
[Exception... "Component returned failure code: 0x804b0036 (NS_ERROR_SOCKET_ADDRESS_IN_USE) [nsIServerSocket.initSpecialConnection]"  nsresult: "0x804b0036 (NS_ERROR_SOCKET_ADDRESS_IN_USE)"  location: "JS frame :: chrome://marionette/content/server.js :: MarionetteServer.prototype.start :: line 95"  data: no]
MarionetteServer.prototype.start@chrome://marionette/content/server.js:95:19
MarionetteComponent.prototype.init@jar:file:///Applications/Firefox.app/Contents/Resources/omni.ja!/components/marionette.js:217:5
MarionetteComponent.prototype.handle@jar:file:///Applications/Firefox.app/Contents/Resources/omni.ja!/components/marionette.js:112:5

2018-04-18 15:46:04.348 plugin-container[923:21510] *** CFMessagePort: bootstrap_register(): failed 1100 (0x44c) 'Permission denied', port = 0x723b, name = 'com.apple.tsm.portname'
See /usr/include/servers/bootstrap_defs.h for the error codes.
2018-04-18 15:48:04.166 plugin-container[944:23712] *** CFMessagePort: bootstrap_register(): failed 1100 (0x44c) 'Permission denied', port = 0x893b, name = 'com.apple.tsm.portname'
See /usr/include/servers/bootstrap_defs.h for the error codes.
2018-04-18 15:48:13.494 firefox-bin[945:23914] Unable to install helper!
2018-04-18 15:48:20.558 plugin-container[953:24299] *** CFMessagePort: bootstrap_register(): failed 1100 (0x44c) 'Permission denied', port = 0x8b3b, name = 'com.apple.tsm.portname'
See /usr/include/servers/bootstrap_defs.h for the error codes.
2018-04-18 15:49:01.365 plugin-container[965:25155] *** CFMessagePort: bootstrap_register(): failed 1100 (0x44c) 'Permission denied', port = 0x8437, name = 'com.apple.tsm.portname'
See /usr/include/servers/bootstrap_defs.h for the error codes.
2018-04-18 15:49:17.069 firefox-bin[968:25419] Unable to install helper!
2018-04-18 15:49:24.259 plugin-container[974:25864] *** CFMessagePort: bootstrap_register(): failed 1100 (0x44c) 'Permission denied', port = 0x783b, name = 'com.apple.tsm.portname'
See /usr/include/servers/bootstrap_defs.h for the error codes.
1524212457345	geckodriver	INFO	geckodriver 0.20.1
1524212457434	geckodriver	INFO	Listening on 127.0.0.1:51562
1524212458380	mozrunner::runner	INFO	Running command: "/Applications/Firefox.app/Contents/MacOS/firefox-bin" "-marionette" "-profile" "/var/folders/zb/djk3pl296tj70k8nn1vp1zqm0000gp/T/rust_mozprofile.JfnsjVfHSV8B"
1524212459802	Marionette	INFO	Enabled via --marionette
2018-04-20 10:21:01.077 plugin-container[1227:27109] *** CFMessagePort: bootstrap_register(): failed 1100 (0x44c) 'Permission denied', port = 0x14f3f, name = 'com.apple.tsm.portname'
See /usr/include/servers/bootstrap_defs.h for the error codes.
1524212461672	Marionette	INFO	Listening on port 51577
1524212461704	Marionette	WARN	TLS certificate errors will be ignored for this session
2018-04-20 10:21:02.178 plugin-container[1228:27214] *** CFMessagePort: bootstrap_register(): failed 1100 (0x44c) 'Permission denied', port = 0xab3f, name = 'com.apple.tsm.portname'
See /usr/include/servers/bootstrap_defs.h for the error codes.
1524213432016	addons.productaddons	WARN	Failed downloading via XHR, status: 0, reason: error
1524213906053	geckodriver	INFO	geckodriver 0.20.1
1524213906138	geckodriver	INFO	Listening on 127.0.0.1:54339
1524213907072	mozrunner::runner	INFO	Running command: "/Applications/Firefox.app/Contents/MacOS/firefox-bin" "-marionette" "-profile" "/var/folders/zb/djk3pl296tj70k8nn1vp1zqm0000gp/T/rust_mozprofile.DU5yVFift9sI"
1524213907918	Marionette	INFO	Enabled via --marionette
2018-04-20 10:45:08.821 plugin-container[1471:49501] *** CFMessagePort: bootstrap_register(): failed 1100 (0x44c) 'Permission denied', port = 0x14f03, name = 'com.apple.tsm.portname'
See /usr/include/servers/bootstrap_defs.h for the error codes.
1524213909230	Marionette	INFO	Listening on port 54346
1524213909262	Marionette	WARN	TLS certificate errors will be ignored for this session
2018-04-20 10:45:09.709 plugin-container[1472:49582] *** CFMessagePort: bootstrap_register(): failed 1100 (0x44c) 'Permission denied', port = 0x15443, name = 'com.apple.tsm.portname'
See /usr/include/servers/bootstrap_defs.h for the error codes.
1524213933072	geckodriver	INFO	geckodriver 0.20.1
1524213933147	geckodriver	INFO	Listening on 127.0.0.1:54472
1524213934090	mozrunner::runner	INFO	Running command: "/Applications/Firefox.app/Contents/MacOS/firefox-bin" "-marionette" "-profile" "/var/folders/zb/djk3pl296tj70k8nn1vp1zqm0000gp/T/rust_mozprofile.MOcHS8TVnGzR"
1524213934644	Marionette	INFO	Enabled via --marionette
2018-04-20 10:45:35.509 plugin-container[1481:50073] *** CFMessagePort: bootstrap_register(): failed 1100 (0x44c) 'Permission denied', port = 0xaf03, name = 'com.apple.tsm.portname'
See /usr/include/servers/bootstrap_defs.h for the error codes.
1524213935888	Marionette	INFO	Listening on port 54479
1524213935962	Marionette	WARN	TLS certificate errors will be ignored for this session
2018-04-20 10:45:36.381 plugin-container[1482:50153] *** CFMessagePort: bootstrap_register(): failed 1100 (0x44c) 'Permission denied', port = 0x1542b, name = 'com.apple.tsm.portname'
See /usr/include/servers/bootstrap_defs.h for the error codes.
1524213963132	geckodriver	INFO	geckodriver 0.20.1
1524213963203	geckodriver	INFO	Listening on 127.0.0.1:54615
1524213964156	mozrunner::runner	INFO	Running command: "/Applications/Firefox.app/Contents/MacOS/firefox-bin" "-marionette" "-profile" "/var/folders/zb/djk3pl296tj70k8nn1vp1zqm0000gp/T/rust_mozprofile.NzjO3inr1bj6"
1524213964702	Marionette	INFO	Enabled via --marionette
2018-04-20 10:46:05.629 plugin-container[1490:50570] *** CFMessagePort: bootstrap_register(): failed 1100 (0x44c) 'Permission denied', port = 0x1513f, name = 'com.apple.tsm.portname'
See /usr/include/servers/bootstrap_defs.h for the error codes.
1524213966052	Marionette	INFO	Listening on port 54624
1524213966118	Marionette	WARN	TLS certificate errors will be ignored for this session
2018-04-20 10:46:06.465 plugin-container[1491:50655] *** CFMessagePort: bootstrap_register(): failed 1100 (0x44c) 'Permission denied', port = 0x15403, name = 'com.apple.tsm.portname'
See /usr/include/servers/bootstrap_defs.h for the error codes.
1524214078617	geckodriver	INFO	geckodriver 0.20.1
1524214078710	geckodriver	INFO	Listening on 127.0.0.1:54827
1524214079610	mozrunner::runner	INFO	Running command: "/Applications/Firefox.app/Contents/MacOS/firefox-bin" "-marionette" "-profile" "/var/folders/zb/djk3pl296tj70k8nn1vp1zqm0000gp/T/rust_mozprofile.MC2lNQFgKEfS"
1524214080164	Marionette	INFO	Enabled via --marionette
2018-04-20 10:48:01.072 plugin-container[1501:51850] *** CFMessagePort: bootstrap_register(): failed 1100 (0x44c) 'Permission denied', port = 0x15007, name = 'com.apple.tsm.portname'
See /usr/include/servers/bootstrap_defs.h for the error codes.
1524214081454	Marionette	INFO	Listening on port 54836
1524214081476	Marionette	WARN	TLS certificate errors will be ignored for this session
2018-04-20 10:48:01.908 plugin-container[1502:51933] *** CFMessagePort: bootstrap_register(): failed 1100 (0x44c) 'Permission denied', port = 0x1543f, name = 'com.apple.tsm.portname'
See /usr/include/servers/bootstrap_defs.h for the error codes.
1524214098221	geckodriver	INFO	geckodriver 0.20.1
1524214098314	geckodriver	INFO	Listening on 127.0.0.1:54948
1524214099229	mozrunner::runner	INFO	Running command: "/Applications/Firefox.app/Contents/MacOS/firefox-bin" "-marionette" "-profile" "/var/folders/zb/djk3pl296tj70k8nn1vp1zqm0000gp/T/rust_mozprofile.O88VzFR9s8oY"
1524214099808	Marionette	INFO	Enabled via --marionette
2018-04-20 10:48:20.733 plugin-container[1509:52268] *** CFMessagePort: bootstrap_register(): failed 1100 (0x44c) 'Permission denied', port = 0x1503b, name = 'com.apple.tsm.portname'
See /usr/include/servers/bootstrap_defs.h for the error codes.
1524214101146	Marionette	INFO	Listening on port 54955
1524214101188	Marionette	WARN	TLS certificate errors will be ignored for this session
2018-04-20 10:48:21.625 plugin-container[1510:52349] *** CFMessagePort: bootstrap_register(): failed 1100 (0x44c) 'Permission denied', port = 0xab3f, name = 'com.apple.tsm.portname'
See /usr/include/servers/bootstrap_defs.h for the error codes.
1524214112331	geckodriver	INFO	geckodriver 0.20.1
1524214112403	geckodriver	INFO	Listening on 127.0.0.1:55070
1524214113349	mozrunner::runner	INFO	Running command: "/Applications/Firefox.app/Contents/MacOS/firefox-bin" "-marionette" "-profile" "/var/folders/zb/djk3pl296tj70k8nn1vp1zqm0000gp/T/rust_mozprofile.BrxdHp0CYFIF"
1524214113910	Marionette	INFO	Enabled via --marionette
2018-04-20 10:48:34.797 plugin-container[1518:52647] *** CFMessagePort: bootstrap_register(): failed 1100 (0x44c) 'Permission denied', port = 0xae03, name = 'com.apple.tsm.portname'
See /usr/include/servers/bootstrap_defs.h for the error codes.
1524214115252	Marionette	INFO	Listening on port 55079
1524214115310	Marionette	WARN	TLS certificate errors will be ignored for this session
2018-04-20 10:48:35.691 plugin-container[1520:52753] *** CFMessagePort: bootstrap_register(): failed 1100 (0x44c) 'Permission denied', port = 0xac3f, name = 'com.apple.tsm.portname'
See /usr/include/servers/bootstrap_defs.h for the error codes.
*** UTM:SVC TimerManager:registerTimer called after profile-before-change notification. Ignoring timer registration for id: telemetry_modules_ping
*** UTM:SVC TimerManager:registerTimer called after profile-before-change notification. Ignoring timer registration for id: telemetry_modules_ping
1524214253125	geckodriver	INFO	geckodriver 0.20.1
1524214253196	geckodriver	INFO	Listening on 127.0.0.1:55376
1524214254148	mozrunner::runner	INFO	Running command: "/Applications/Firefox.app/Contents/MacOS/firefox-bin" "-marionette" "-profile" "/var/folders/zb/djk3pl296tj70k8nn1vp1zqm0000gp/T/rust_mozprofile.AHk10FjtvjyL"
1524214254614	Marionette	INFO	Enabled via --marionette
2018-04-20 10:50:55.456 plugin-container[1537:55184] *** CFMessagePort: bootstrap_register(): failed 1100 (0x44c) 'Permission denied', port = 0x1503f, name = 'com.apple.tsm.portname'
See /usr/include/servers/bootstrap_defs.h for the error codes.
1524214255780	Marionette	INFO	Listening on port 55383
1524214255816	Marionette	WARN	TLS certificate errors will be ignored for this session
2018-04-20 10:50:56.395 plugin-container[1538:55271] *** CFMessagePort: bootstrap_register(): failed 1100 (0x44c) 'Permission denied', port = 0xac03, name = 'com.apple.tsm.portname'
See /usr/include/servers/bootstrap_defs.h for the error codes.
*** UTM:SVC TimerManager:registerTimer called after profile-before-change notification. Ignoring timer registration for id: telemetry_modules_ping
1524214290495	geckodriver	INFO	geckodriver 0.20.1
1524214290566	geckodriver	INFO	Listening on 127.0.0.1:55502
1524214291515	mozrunner::runner	INFO	Running command: "/Applications/Firefox.app/Contents/MacOS/firefox-bin" "-marionette" "-profile" "/var/folders/zb/djk3pl296tj70k8nn1vp1zqm0000gp/T/rust_mozprofile.M5o96PXFuowy"
1524214292028	Marionette	INFO	Enabled via --marionette
2018-04-20 10:51:32.853 plugin-container[1546:55926] *** CFMessagePort: bootstrap_register(): failed 1100 (0x44c) 'Permission denied', port = 0xb03f, name = 'com.apple.tsm.portname'
See /usr/include/servers/bootstrap_defs.h for the error codes.
1524214293234	Marionette	INFO	Listening on port 55509
1524214293282	Marionette	WARN	TLS certificate errors will be ignored for this session
2018-04-20 10:51:33.817 plugin-container[1547:56008] *** CFMessagePort: bootstrap_register(): failed 1100 (0x44c) 'Permission denied', port = 0xab3f, name = 'com.apple.tsm.portname'
See /usr/include/servers/bootstrap_defs.h for the error codes.
*** UTM:SVC TimerManager:registerTimer called after profile-before-change notification. Ignoring timer registration for id: telemetry_modules_ping
1524214304308	geckodriver	INFO	geckodriver 0.20.1
1524214304378	geckodriver	INFO	Listening on 127.0.0.1:55599
1524214305326	mozrunner::runner	INFO	Running command: "/Applications/Firefox.app/Contents/MacOS/firefox-bin" "-marionette" "-profile" "/var/folders/zb/djk3pl296tj70k8nn1vp1zqm0000gp/T/rust_mozprofile.LzmcYAjSdoIX"
1524214305804	Marionette	INFO	Enabled via --marionette
2018-04-20 10:51:46.644 plugin-container[1554:56360] *** CFMessagePort: bootstrap_register(): failed 1100 (0x44c) 'Permission denied', port = 0xad3f, name = 'com.apple.tsm.portname'
See /usr/include/servers/bootstrap_defs.h for the error codes.
1524214307016	Marionette	INFO	Listening on port 55606
1524214307080	Marionette	WARN	TLS certificate errors will be ignored for this session
2018-04-20 10:51:47.529 plugin-container[1555:56441] *** CFMessagePort: bootstrap_register(): failed 1100 (0x44c) 'Permission denied', port = 0x1533f, name = 'com.apple.tsm.portname'
See /usr/include/servers/bootstrap_defs.h for the error codes.
*** UTM:SVC TimerManager:registerTimer called after profile-before-change notification. Ignoring timer registration for id: telemetry_modules_ping
1524214342020	geckodriver	INFO	geckodriver 0.20.1
1524214342092	geckodriver	INFO	Listening on 127.0.0.1:55733
1524214343043	mozrunner::runner	INFO	Running command: "/Applications/Firefox.app/Contents/MacOS/firefox-bin" "-marionette" "-profile" "/var/folders/zb/djk3pl296tj70k8nn1vp1zqm0000gp/T/rust_mozprofile.QJhHLGy5fIXK"
1524214343538	Marionette	INFO	Enabled via --marionette
2018-04-20 10:52:24.396 plugin-container[1565:57438] *** CFMessagePort: bootstrap_register(): failed 1100 (0x44c) 'Permission denied', port = 0x1503f, name = 'com.apple.tsm.portname'
See /usr/include/servers/bootstrap_defs.h for the error codes.
1524214344888	Marionette	INFO	Listening on port 55740
1524214344936	Marionette	WARN	TLS certificate errors will be ignored for this session
2018-04-20 10:52:25.336 plugin-container[1566:57527] *** CFMessagePort: bootstrap_register(): failed 1100 (0x44c) 'Permission denied', port = 0xac3f, name = 'com.apple.tsm.portname'
See /usr/include/servers/bootstrap_defs.h for the error codes.
*** UTM:SVC TimerManager:registerTimer called after profile-before-change notification. Ignoring timer registration for id: telemetry_modules_ping
1524214790613	geckodriver	INFO	geckodriver 0.20.1
1524214790682	geckodriver	INFO	Listening on 127.0.0.1:56257
1524214791631	mozrunner::runner	INFO	Running command: "/Applications/Firefox.app/Contents/MacOS/firefox-bin" "-marionette" "-profile" "/var/folders/zb/djk3pl296tj70k8nn1vp1zqm0000gp/T/rust_mozprofile.VoSD5GgKQEOL"
1524214792172	Marionette	INFO	Enabled via --marionette
2018-04-20 10:59:53.019 plugin-container[1589:62528] *** CFMessagePort: bootstrap_register(): failed 1100 (0x44c) 'Permission denied', port = 0x15043, name = 'com.apple.tsm.portname'
See /usr/include/servers/bootstrap_defs.h for the error codes.
1524214793412	Marionette	INFO	Listening on port 56270
1524214793488	Marionette	WARN	TLS certificate errors will be ignored for this session
2018-04-20 10:59:53.907 plugin-container[1590:62623] *** CFMessagePort: bootstrap_register(): failed 1100 (0x44c) 'Permission denied', port = 0x1533f, name = 'com.apple.tsm.portname'
See /usr/include/servers/bootstrap_defs.h for the error codes.
JavaScript error: chrome://browser/content/browser.js, line 7206: NS_ERROR_XPC_GS_RETURNED_FAILURE: Component returned failure code: 0x80570016 (NS_ERROR_XPC_GS_RETURNED_FAILURE) [nsIJSCID.getService]
1524214837096	addons.productaddons	WARN	Failed downloading via XHR, status: 0, reason: error
JavaScript error: chrome://browser/content/browser.js, line 7288: TypeError: this._overrideService is undefined
JavaScript error: chrome://browser/content/browser.js, line 7288: TypeError: this._overrideService is undefined
1524215006800	geckodriver	INFO	geckodriver 0.20.1
1524215006871	geckodriver	INFO	Listening on 127.0.0.1:56674
1524215007823	mozrunner::runner	INFO	Running command: "/Applications/Firefox.app/Contents/MacOS/firefox-bin" "-marionette" "-profile" "/var/folders/zb/djk3pl296tj70k8nn1vp1zqm0000gp/T/rust_mozprofile.QvfjHGwYnIjg"
1524215008608	Marionette	INFO	Enabled via --marionette
2018-04-20 11:03:29.645 plugin-container[1609:65687] *** CFMessagePort: bootstrap_register(): failed 1100 (0x44c) 'Permission denied', port = 0xad3f, name = 'com.apple.tsm.portname'
See /usr/include/servers/bootstrap_defs.h for the error codes.
1524215010236	Marionette	INFO	Listening on port 56682
1524215010310	Marionette	WARN	TLS certificate errors will be ignored for this session
2018-04-20 11:03:30.785 plugin-container[1610:65799] *** CFMessagePort: bootstrap_register(): failed 1100 (0x44c) 'Permission denied', port = 0xab3f, name = 'com.apple.tsm.portname'
See /usr/include/servers/bootstrap_defs.h for the error codes.
JavaScript error: http://0.0.0.0:8890/, line 16: ReferenceError: config is not defined
JavaScript error: , line 0: uncaught exception: [DEFAULT]: Firebase: No Firebase App '[DEFAULT]' has been created - call Firebase App.initializeApp() (app/no-app).
*** UTM:SVC TimerManager:registerTimer called after profile-before-change notification. Ignoring timer registration for id: telemetry_modules_ping
1524215107383	geckodriver	INFO	geckodriver 0.20.1
1524215107460	geckodriver	INFO	Listening on 127.0.0.1:57014
1524215108403	mozrunner::runner	INFO	Running command: "/Applications/Firefox.app/Contents/MacOS/firefox-bin" "-marionette" "-profile" "/var/folders/zb/djk3pl296tj70k8nn1vp1zqm0000gp/T/rust_mozprofile.aM6AMTrP7vUF"
1524215108940	Marionette	INFO	Enabled via --marionette
2018-04-20 11:05:09.825 plugin-container[1623:67363] *** CFMessagePort: bootstrap_register(): failed 1100 (0x44c) 'Permission denied', port = 0xae3f, name = 'com.apple.tsm.portname'
See /usr/include/servers/bootstrap_defs.h for the error codes.
1524215110224	Marionette	INFO	Listening on port 57025
1524215110268	Marionette	WARN	TLS certificate errors will be ignored for this session
2018-04-20 11:05:10.826 plugin-container[1624:67451] *** CFMessagePort: bootstrap_register(): failed 1100 (0x44c) 'Permission denied', port = 0xab3f, name = 'com.apple.tsm.portname'
See /usr/include/servers/bootstrap_defs.h for the error codes.
1524216547436	geckodriver	INFO	geckodriver 0.20.1
1524216547512	geckodriver	INFO	Listening on 127.0.0.1:59164
1524216548454	mozrunner::runner	INFO	Running command: "/Applications/Firefox.app/Contents/MacOS/firefox-bin" "-marionette" "-profile" "/var/folders/zb/djk3pl296tj70k8nn1vp1zqm0000gp/T/rust_mozprofile.sskKCwyjOMsB"
1524216549016	Marionette	INFO	Enabled via --marionette
2018-04-20 11:29:09.953 plugin-container[1773:87996] *** CFMessagePort: bootstrap_register(): failed 1100 (0x44c) 'Permission denied', port = 0x15003, name = 'com.apple.tsm.portname'
See /usr/include/servers/bootstrap_defs.h for the error codes.
1524216550344	Marionette	INFO	Listening on port 59171
1524216550416	Marionette	WARN	TLS certificate errors will be ignored for this session
2018-04-20 11:29:10.810 plugin-container[1774:88085] *** CFMessagePort: bootstrap_register(): failed 1100 (0x44c) 'Permission denied', port = 0x1533f, name = 'com.apple.tsm.portname'
See /usr/include/servers/bootstrap_defs.h for the error codes.
1524216735744	geckodriver	INFO	geckodriver 0.20.1
1524216735819	geckodriver	INFO	Listening on 127.0.0.1:59575
1524216736766	mozrunner::runner	INFO	Running command: "/Applications/Firefox.app/Contents/MacOS/firefox-bin" "-marionette" "-profile" "/var/folders/zb/djk3pl296tj70k8nn1vp1zqm0000gp/T/rust_mozprofile.3JSAxoJCAQFE"
1524216737310	Marionette	INFO	Enabled via --marionette
2018-04-20 11:32:18.263 plugin-container[1822:90154] *** CFMessagePort: bootstrap_register(): failed 1100 (0x44c) 'Permission denied', port = 0xaf03, name = 'com.apple.tsm.portname'
See /usr/include/servers/bootstrap_defs.h for the error codes.
1524216738670	Marionette	INFO	Listening on port 59582
1524216738742	Marionette	WARN	TLS certificate errors will be ignored for this session
2018-04-20 11:32:19.062 plugin-container[1823:90234] *** CFMessagePort: bootstrap_register(): failed 1100 (0x44c) 'Permission denied', port = 0x1543f, name = 'com.apple.tsm.portname'
See /usr/include/servers/bootstrap_defs.h for the error codes.
1524216810457	geckodriver	INFO	geckodriver 0.20.1
1524216810530	geckodriver	INFO	Listening on 127.0.0.1:59731
1524216811480	mozrunner::runner	INFO	Running command: "/Applications/Firefox.app/Contents/MacOS/firefox-bin" "-marionette" "-profile" "/var/folders/zb/djk3pl296tj70k8nn1vp1zqm0000gp/T/rust_mozprofile.sUGFSwf1eS9C"
1524216812038	Marionette	INFO	Enabled via --marionette
2018-04-20 11:33:32.944 plugin-container[1857:91025] *** CFMessagePort: bootstrap_register(): failed 1100 (0x44c) 'Permission denied', port = 0xaf07, name = 'com.apple.tsm.portname'
See /usr/include/servers/bootstrap_defs.h for the error codes.
1524216813330	Marionette	INFO	Listening on port 59738
1524216813348	Marionette	WARN	TLS certificate errors will be ignored for this session
2018-04-20 11:33:33.820 plugin-container[1858:91257] *** CFMessagePort: bootstrap_register(): failed 1100 (0x44c) 'Permission denied', port = 0xab03, name = 'com.apple.tsm.portname'
See /usr/include/servers/bootstrap_defs.h for the error codes.
*** UTM:SVC TimerManager:registerTimer called after profile-before-change notification. Ignoring timer registration for id: telemetry_modules_ping
1524216883960	geckodriver	INFO	geckodriver 0.20.1
1524216884038	geckodriver	INFO	Listening on 127.0.0.1:59910
1524216884980	mozrunner::runner	INFO	Running command: "/Applications/Firefox.app/Contents/MacOS/firefox-bin" "-marionette" "-profile" "/var/folders/zb/djk3pl296tj70k8nn1vp1zqm0000gp/T/rust_mozprofile.1cLXKNFJVUr9"
1524216885554	Marionette	INFO	Enabled via --marionette
2018-04-20 11:34:46.413 plugin-container[1887:92762] *** CFMessagePort: bootstrap_register(): failed 1100 (0x44c) 'Permission denied', port = 0x14d3f, name = 'com.apple.tsm.portname'
See /usr/include/servers/bootstrap_defs.h for the error codes.
1524216886790	Marionette	INFO	Listening on port 59919
1524216886838	Marionette	WARN	TLS certificate errors will be ignored for this session
2018-04-20 11:34:47.306 plugin-container[1888:92844] *** CFMessagePort: bootstrap_register(): failed 1100 (0x44c) 'Permission denied', port = 0xac03, name = 'com.apple.tsm.portname'
See /usr/include/servers/bootstrap_defs.h for the error codes.
*** UTM:SVC TimerManager:registerTimer called after profile-before-change notification. Ignoring timer registration for id: telemetry_modules_ping
1524224067482	geckodriver	INFO	geckodriver 0.20.1
1524224067555	geckodriver	INFO	Listening on 127.0.0.1:49627
1524224068541	mozrunner::runner	INFO	Running command: "/Applications/Firefox.app/Contents/MacOS/firefox-bin" "-marionette" "-profile" "/var/folders/zb/djk3pl296tj70k8nn1vp1zqm0000gp/T/rust_mozprofile.fIUrIllBFqXv"
1524224069984	Marionette	INFO	Enabled via --marionette
2018-04-20 13:34:31.114 plugin-container[2381:172226] *** CFMessagePort: bootstrap_register(): failed 1100 (0x44c) 'Permission denied', port = 0x15007, name = 'com.apple.tsm.portname'
See /usr/include/servers/bootstrap_defs.h for the error codes.
1524224071698	Marionette	INFO	Listening on port 49676
1524224071766	Marionette	WARN	TLS certificate errors will be ignored for this session
2018-04-20 13:34:32.128 plugin-container[2382:172324] *** CFMessagePort: bootstrap_register(): failed 1100 (0x44c) 'Permission denied', port = 0x15443, name = 'com.apple.tsm.portname'
See /usr/include/servers/bootstrap_defs.h for the error codes.
JavaScript error: https://www.gstatic.com/firebasejs/4.11.0/firebase-database.js, line 6: NS_ERROR_NOT_INITIALIZED: 
*** UTM:SVC TimerManager:registerTimer called after profile-before-change notification. Ignoring timer registration for id: telemetry_modules_ping
1524224117776	geckodriver	INFO	geckodriver 0.20.1
1524224117850	geckodriver	INFO	Listening on 127.0.0.1:50933
1524224118800	mozrunner::runner	INFO	Running command: "/Applications/Firefox.app/Contents/MacOS/firefox-bin" "-marionette" "-profile" "/var/folders/zb/djk3pl296tj70k8nn1vp1zqm0000gp/T/rust_mozprofile.aBB2k0ApmBm8"
1524224119378	Marionette	INFO	Enabled via --marionette
2018-04-20 13:35:20.245 plugin-container[2399:173463] *** CFMessagePort: bootstrap_register(): failed 1100 (0x44c) 'Permission denied', port = 0xaf3b, name = 'com.apple.tsm.portname'
See /usr/include/servers/bootstrap_defs.h for the error codes.
1524224120650	Marionette	INFO	Listening on port 50968
1524224120668	Marionette	WARN	TLS certificate errors will be ignored for this session
2018-04-20 13:35:21.142 plugin-container[2400:173542] *** CFMessagePort: bootstrap_register(): failed 1100 (0x44c) 'Permission denied', port = 0xaa07, name = 'com.apple.tsm.portname'
See /usr/include/servers/bootstrap_defs.h for the error codes.
JavaScript error: chrome://browser/content/browser.js, line 7206: NS_ERROR_XPC_GS_RETURNED_FAILURE: Component returned failure code: 0x80570016 (NS_ERROR_XPC_GS_RETURNED_FAILURE) [nsIJSCID.getService]
JavaScript error: chrome://browser/content/browser.js, line 7288: TypeError: this._overrideService is undefined
JavaScript error: chrome://browser/content/browser.js, line 7288: TypeError: this._overrideService is undefined
JavaScript error: chrome://browser/content/browser.js, line 7288: TypeError: this._overrideService is undefined
*** UTM:SVC TimerManager:registerTimer called after profile-before-change notification. Ignoring timer registration for id: telemetry_modules_ping
1524224254286	geckodriver	INFO	geckodriver 0.20.1
1524224254359	geckodriver	INFO	Listening on 127.0.0.1:54698
1524224255304	mozrunner::runner	INFO	Running command: "/Applications/Firefox.app/Contents/MacOS/firefox-bin" "-marionette" "-profile" "/var/folders/zb/djk3pl296tj70k8nn1vp1zqm0000gp/T/rust_mozprofile.1qCtIEW84Fvo"
1524224255812	Marionette	INFO	Enabled via --marionette
2018-04-20 13:37:36.662 plugin-container[2428:175266] *** CFMessagePort: bootstrap_register(): failed 1100 (0x44c) 'Permission denied', port = 0xae43, name = 'com.apple.tsm.portname'
See /usr/include/servers/bootstrap_defs.h for the error codes.
1524224257052	Marionette	INFO	Listening on port 54721
1524224257084	Marionette	WARN	TLS certificate errors will be ignored for this session
2018-04-20 13:37:37.610 plugin-container[2429:175347] *** CFMessagePort: bootstrap_register(): failed 1100 (0x44c) 'Permission denied', port = 0xaa43, name = 'com.apple.tsm.portname'
See /usr/include/servers/bootstrap_defs.h for the error codes.
JavaScript error: chrome://browser/content/browser.js, line 7206: NS_ERROR_XPC_GS_RETURNED_FAILURE: Component returned failure code: 0x80570016 (NS_ERROR_XPC_GS_RETURNED_FAILURE) [nsIJSCID.getService]
JavaScript error: chrome://browser/content/browser.js, line 7288: TypeError: this._overrideService is undefined
JavaScript error: chrome://browser/content/browser.js, line 7288: TypeError: this._overrideService is undefined
1524224476134	addons.productaddons	WARN	Failed downloading via XHR, status: 0, reason: error
JavaScript error: https://www.gstatic.com/firebasejs/4.11.0/firebase-database.js, line 6: NS_ERROR_NOT_INITIALIZED: 
