-------- LOG FILE --------
lets go
time to checkup
{"reference_time": 1528098600, "sunset_time": 1528141566, "sunrise_time": 1528079449, "clouds": 0, "rain": {}, "snow": {}, "wind": {"speed": 6.2, "deg": 250}, "humidity": 72, "pressure": {"press": 1010, "sea_level": null}, "temperature": {"temp": 292.95, "temp_kf": null, "temp_max": 294.15, "temp_min": 292.15}, "status": "Clear", "detailed_status": "clear sky", "weather_code": 800, "weather_icon_name": "01d", "visibility_distance": 10000, "dewpoint": null, "humidex": null, "heat_index": null}
time to checkup
{"reference_time": 1528100400, "sunset_time": 1528141567, "sunrise_time": 1528079448, "clouds": 0, "rain": {}, "snow": {}, "wind": {"speed": 5.7, "deg": 250}, "humidity": 68, "pressure": {"press": 1010, "sea_level": null}, "temperature": {"temp": 293.55, "temp_kf": null, "temp_max": 295.15, "temp_min": 292.15}, "status": "Clear", "detailed_status": "clear sky", "weather_code": 800, "weather_icon_name": "01d", "visibility_distance": 10000, "dewpoint": null, "humidex": null, "heat_index": null}
time to checkup
{"reference_time": 1528102200, "sunset_time": 1528141568, "sunrise_time": 1528079448, "clouds": 0, "rain": {}, "snow": {}, "wind": {"speed": 6.7, "deg": 260}, "humidity": 64, "pressure": {"press": 1010, "sea_level": null}, "temperature": {"temp": 294.14, "temp_kf": null, "temp_max": 295.15, "temp_min": 292.15}, "status": "Clear", "detailed_status": "clear sky", "weather_code": 800, "weather_icon_name": "01d", "visibility_distance": 10000, "dewpoint": null, "humidex": null, "heat_index": null}
time to checkup
{"reference_time": 1528102200, "sunset_time": 1528141569, "sunrise_time": 1528079447, "clouds": 0, "rain": {}, "snow": {}, "wind": {"speed": 6.7, "deg": 260}, "humidity": 64, "pressure": {"press": 1010, "sea_level": null}, "temperature": {"temp": 294.14, "temp_kf": null, "temp_max": 295.15, "temp_min": 292.15}, "status": "Clear", "detailed_status": "clear sky", "weather_code": 800, "weather_icon_name": "01d", "visibility_distance": 10000, "dewpoint": null, "humidex": null, "heat_index": null}
time to checkup
{"reference_time": 1528104000, "sunset_time": 1528141570, "sunrise_time": 1528079446, "clouds": 0, "rain": {}, "snow": {}, "wind": {"speed": 5.7, "deg": 260}, "humidity": 60, "pressure": {"press": 1010, "sea_level": null}, "temperature": {"temp": 294.71, "temp_kf": null, "temp_max": 297.15, "temp_min": 292.15}, "status": "Clear", "detailed_status": "clear sky", "weather_code": 800, "weather_icon_name": "01d", "visibility_distance": 10000, "dewpoint": null, "humidex": null, "heat_index": null}
time to checkup
{"reference_time": 1528105800, "sunset_time": 1528141571, "sunrise_time": 1528079446, "clouds": 0, "rain": {}, "snow": {}, "wind": {"speed": 6.2, "deg": 280}, "humidity": 56, "pressure": {"press": 1009, "sea_level": null}, "temperature": {"temp": 294.73, "temp_kf": null, "temp_max": 296.15, "temp_min": 292.15}, "status": "Clear", "detailed_status": "clear sky", "weather_code": 800, "weather_icon_name": "01d", "visibility_distance": 10000, "dewpoint": null, "humidex": null, "heat_index": null}
time to checkup
{"reference_time": 1528105800, "sunset_time": 1528141572, "sunrise_time": 1528079445, "clouds": 0, "rain": {}, "snow": {}, "wind": {"speed": 6.2, "deg": 280}, "humidity": 56, "pressure": {"press": 1009, "sea_level": null}, "temperature": {"temp": 294.72, "temp_kf": null, "temp_max": 296.15, "temp_min": 292.15}, "status": "Clear", "detailed_status": "clear sky", "weather_code": 800, "weather_icon_name": "01d", "visibility_distance": 10000, "dewpoint": null, "humidex": null, "heat_index": null}
time to checkup
{"reference_time": 1528107600, "sunset_time": 1528141573, "sunrise_time": 1528079444, "clouds": 0, "rain": {}, "snow": {}, "wind": {"speed": 5.7, "deg": 280}, "humidity": 53, "pressure": {"press": 1009, "sea_level": null}, "temperature": {"temp": 295.32, "temp_kf": null, "temp_max": 297.15, "temp_min": 292.15}, "status": "Clear", "detailed_status": "clear sky", "weather_code": 800, "weather_icon_name": "01d", "visibility_distance": 10000, "dewpoint": null, "humidex": null, "heat_index": null}
time to checkup
{"reference_time": 1528109400, "sunset_time": 1528141574, "sunrise_time": 1528079443, "clouds": 0, "rain": {}, "snow": {}, "wind": {"speed": 6.2, "deg": 280}, "humidity": 53, "pressure": {"press": 1009, "sea_level": null}, "temperature": {"temp": 295.51, "temp_kf": null, "temp_max": 298.15, "temp_min": 292.15}, "status": "Clear", "detailed_status": "clear sky", "weather_code": 800, "weather_icon_name": "01d", "visibility_distance": 10000, "dewpoint": null, "humidex": null, "heat_index": null}
time to checkup
{"reference_time": 1528109400, "sunset_time": 1528141575, "sunrise_time": 1528079443, "clouds": 0, "rain": {}, "snow": {}, "wind": {"speed": 6.2, "deg": 280}, "humidity": 53, "pressure": {"press": 1009, "sea_level": null}, "temperature": {"temp": 295.5, "temp_kf": null, "temp_max": 298.15, "temp_min": 292.15}, "status": "Clear", "detailed_status": "clear sky", "weather_code": 800, "weather_icon_name": "01d", "visibility_distance": 10000, "dewpoint": null, "humidex": null, "heat_index": null}
time to checkup
{"reference_time": 1528111200, "sunset_time": 1528141576, "sunrise_time": 1528079442, "clouds": 0, "rain": {}, "snow": {}, "wind": {"speed": 5.7, "deg": 280}, "humidity": 57, "pressure": {"press": 1009, "sea_level": null}, "temperature": {"temp": 295.53, "temp_kf": null, "temp_max": 297.15, "temp_min": 293.15}, "status": "Clear", "detailed_status": "clear sky", "weather_code": 800, "weather_icon_name": "01d", "visibility_distance": 10000, "dewpoint": null, "humidex": null, "heat_index": null}
time to checkup
{"reference_time": 1528113000, "sunset_time": 1528141577, "sunrise_time": 1528079441, "clouds": 0, "rain": {}, "snow": {}, "wind": {"speed": 6.2, "deg": 280}, "humidity": 53, "pressure": {"press": 1009, "sea_level": null}, "temperature": {"temp": 295.71, "temp_kf": null, "temp_max": 298.15, "temp_min": 293.15}, "status": "Clear", "detailed_status": "clear sky", "weather_code": 800, "weather_icon_name": "01d", "visibility_distance": 10000, "dewpoint": null, "humidex": null, "heat_index": null}
time to checkup
{"reference_time": 1528113000, "sunset_time": 1528141578, "sunrise_time": 1528079441, "clouds": 0, "rain": {}, "snow": {}, "wind": {"speed": 6.2, "deg": 280}, "humidity": 53, "pressure": {"press": 1009, "sea_level": null}, "temperature": {"temp": 295.71, "temp_kf": null, "temp_max": 298.15, "temp_min": 293.15}, "status": "Clear", "detailed_status": "clear sky", "weather_code": 800, "weather_icon_name": "01d", "visibility_distance": 10000, "dewpoint": null, "humidex": null, "heat_index": null}
time to checkup
{"reference_time": 1528114800, "sunset_time": 1528141579, "sunrise_time": 1528079440, "clouds": 0, "rain": {}, "snow": {}, "wind": {"speed": 6.2, "deg": 280}, "humidity": 50, "pressure": {"press": 1009, "sea_level": null}, "temperature": {"temp": 296.11, "temp_kf": null, "temp_max": 298.15, "temp_min": 293.15}, "status": "Clear", "detailed_status": "clear sky", "weather_code": 800, "weather_icon_name": "01d", "visibility_distance": 10000, "dewpoint": null, "humidex": null, "heat_index": null}
time to checkup
{"reference_time": 1528116600, "sunset_time": 1528141580, "sunrise_time": 1528079439, "clouds": 40, "rain": {}, "snow": {}, "wind": {"speed": 5.7, "deg": 270}, "humidity": 50, "pressure": {"press": 1008, "sea_level": null}, "temperature": {"temp": 296.52, "temp_kf": null, "temp_max": 299.15, "temp_min": 294.15}, "status": "Clouds", "detailed_status": "scattered clouds", "weather_code": 802, "weather_icon_name": "03d", "visibility_distance": 10000, "dewpoint": null, "humidex": null, "heat_index": null}
time to checkup
{"reference_time": 1528116600, "sunset_time": 1528141581, "sunrise_time": 1528079439, "clouds": 40, "rain": {}, "snow": {}, "wind": {"speed": 5.7, "deg": 270}, "humidity": 50, "pressure": {"press": 1008, "sea_level": null}, "temperature": {"temp": 296.51, "temp_kf": null, "temp_max": 299.15, "temp_min": 294.15}, "status": "Clouds", "detailed_status": "scattered clouds", "weather_code": 802, "weather_icon_name": "03d", "visibility_distance": 10000, "dewpoint": null, "humidex": null, "heat_index": null}
time to checkup
{"reference_time": 1528118400, "sunset_time": 1528141582, "sunrise_time": 1528079438, "clouds": 40, "rain": {}, "snow": {}, "wind": {"speed": 6.2, "deg": 300}, "humidity": 57, "pressure": {"press": 1009, "sea_level": null}, "temperature": {"temp": 296.32, "temp_kf": null, "temp_max": 298.15, "temp_min": 293.15}, "status": "Clouds", "detailed_status": "scattered clouds", "weather_code": 802, "weather_icon_name": "03d", "visibility_distance": 10000, "dewpoint": null, "humidex": null, "heat_index": null}
time to checkup
{"reference_time": 1528120200, "sunset_time": 1528141583, "sunrise_time": 1528079437, "clouds": 40, "rain": {}, "snow": {}, "wind": {"speed": 6.2, "deg": 280}, "humidity": 53, "pressure": {"press": 1009, "sea_level": null}, "temperature": {"temp": 296.32, "temp_kf": null, "temp_max": 298.15, "temp_min": 294.15}, "status": "Clouds", "detailed_status": "scattered clouds", "weather_code": 802, "weather_icon_name": "03d", "visibility_distance": 10000, "dewpoint": null, "humidex": null, "heat_index": null}
time to checkup
{"reference_time": 1528120200, "sunset_time": 1528141584, "sunrise_time": 1528079436, "clouds": 40, "rain": {}, "snow": {}, "wind": {"speed": 6.2, "deg": 280}, "humidity": 53, "pressure": {"press": 1009, "sea_level": null}, "temperature": {"temp": 296.31, "temp_kf": null, "temp_max": 298.15, "temp_min": 294.15}, "status": "Clouds", "detailed_status": "scattered clouds", "weather_code": 802, "weather_icon_name": "03d", "visibility_distance": 10000, "dewpoint": null, "humidex": null, "heat_index": null}
time to checkup
{"reference_time": 1528122000, "sunset_time": 1528141585, "sunrise_time": 1528079436, "clouds": 40, "rain": {}, "snow": {}, "wind": {"speed": 6.2, "deg": 300}, "humidity": 57, "pressure": {"press": 1008, "sea_level": null}, "temperature": {"temp": 295.93, "temp_kf": null, "temp_max": 297.15, "temp_min": 294.15}, "status": "Clouds", "detailed_status": "scattered clouds", "weather_code": 802, "weather_icon_name": "03d", "visibility_distance": 10000, "dewpoint": null, "humidex": null, "heat_index": null}
time to checkup
{"reference_time": 1528123800, "sunset_time": 1528141586, "sunrise_time": 1528079435, "clouds": 40, "rain": {}, "snow": {}, "wind": {"speed": 5.7, "deg": 290}, "humidity": 57, "pressure": {"press": 1008, "sea_level": null}, "temperature": {"temp": 296.3, "temp_kf": null, "temp_max": 297.15, "temp_min": 294.15}, "status": "Clouds", "detailed_status": "scattered clouds", "weather_code": 802, "weather_icon_name": "03d", "visibility_distance": 10000, "dewpoint": null, "humidex": null, "heat_index": null}
time to checkup
{"reference_time": 1528123800, "sunset_time": 1528141587, "sunrise_time": 1528079434, "clouds": 40, "rain": {}, "snow": {}, "wind": {"speed": 5.7, "deg": 290}, "humidity": 57, "pressure": {"press": 1008, "sea_level": null}, "temperature": {"temp": 296.29, "temp_kf": null, "temp_max": 297.15, "temp_min": 294.15}, "status": "Clouds", "detailed_status": "scattered clouds", "weather_code": 802, "weather_icon_name": "03d", "visibility_distance": 10000, "dewpoint": null, "humidex": null, "heat_index": null}
time to checkup
{"reference_time": 1528125600, "sunset_time": 1528141588, "sunrise_time": 1528079434, "clouds": 40, "rain": {}, "snow": {}, "wind": {"speed": 6.2, "deg": 290}, "humidity": 57, "pressure": {"press": 1008, "sea_level": null}, "temperature": {"temp": 296.32, "temp_kf": null, "temp_max": 298.15, "temp_min": 294.15}, "status": "Clouds", "detailed_status": "scattered clouds", "weather_code": 802, "weather_icon_name": "03d", "visibility_distance": 10000, "dewpoint": null, "humidex": null, "heat_index": null}
time to checkup
{"reference_time": 1528127400, "sunset_time": 1528141589, "sunrise_time": 1528079433, "clouds": 40, "rain": {}, "snow": {}, "wind": {"speed": 5.1, "deg": 310}, "humidity": 57, "pressure": {"press": 1008, "sea_level": null}, "temperature": {"temp": 296.13, "temp_kf": null, "temp_max": 297.15, "temp_min": 294.15}, "status": "Clouds", "detailed_status": "scattered clouds", "weather_code": 802, "weather_icon_name": "03d", "visibility_distance": 10000, "dewpoint": null, "humidex": null, "heat_index": null}
time to checkup
{"reference_time": 1528127400, "sunset_time": 1528141590, "sunrise_time": 1528079432, "clouds": 40, "rain": {}, "snow": {}, "wind": {"speed": 5.1, "deg": 310}, "humidity": 57, "pressure": {"press": 1008, "sea_level": null}, "temperature": {"temp": 296.12, "temp_kf": null, "temp_max": 297.15, "temp_min": 294.15}, "status": "Clouds", "detailed_status": "scattered clouds", "weather_code": 802, "weather_icon_name": "03d", "visibility_distance": 10000, "dewpoint": null, "humidex": null, "heat_index": null}
time to checkup
{"reference_time": 1528129200, "sunset_time": 1528141590, "sunrise_time": 1528079432, "clouds": 20, "rain": {}, "snow": {}, "wind": {"speed": 5.1, "deg": 320}, "humidity": 53, "pressure": {"press": 1008, "sea_level": null}, "temperature": {"temp": 296.13, "temp_kf": null, "temp_max": 297.15, "temp_min": 294.15}, "status": "Clouds", "detailed_status": "few clouds", "weather_code": 801, "weather_icon_name": "02d", "visibility_distance": 10000, "dewpoint": null, "humidex": null, "heat_index": null}
time to checkup
{"reference_time": 1528131000, "sunset_time": 1528141591, "sunrise_time": 1528079431, "clouds": 20, "rain": {}, "snow": {}, "wind": {"speed": 5.7, "deg": 310}, "humidity": 53, "pressure": {"press": 1008, "sea_level": null}, "temperature": {"temp": 296.13, "temp_kf": null, "temp_max": 297.15, "temp_min": 294.15}, "status": "Clouds", "detailed_status": "few clouds", "weather_code": 801, "weather_icon_name": "02d", "visibility_distance": 10000, "dewpoint": null, "humidex": null, "heat_index": null}
time to checkup
{"reference_time": 1528131000, "sunset_time": 1528141592, "sunrise_time": 1528079430, "clouds": 20, "rain": {}, "snow": {}, "wind": {"speed": 5.7, "deg": 310}, "humidity": 53, "pressure": {"press": 1008, "sea_level": null}, "temperature": {"temp": 296.12, "temp_kf": null, "temp_max": 297.15, "temp_min": 294.15}, "status": "Clouds", "detailed_status": "few clouds", "weather_code": 801, "weather_icon_name": "02d", "visibility_distance": 10000, "dewpoint": null, "humidex": null, "heat_index": null}
time to checkup
{"reference_time": 1528132800, "sunset_time": 1528141593, "sunrise_time": 1528079429, "clouds": 0, "rain": {}, "snow": {}, "wind": {"speed": 6.2, "deg": 300}, "humidity": 53, "pressure": {"press": 1008, "sea_level": null}, "temperature": {"temp": 295.73, "temp_kf": null, "temp_max": 297.15, "temp_min": 294.15}, "status": "Clear", "detailed_status": "clear sky", "weather_code": 800, "weather_icon_name": "01d", "visibility_distance": 10000, "dewpoint": null, "humidex": null, "heat_index": null}
time to checkup
{"reference_time": 1528134600, "sunset_time": 1528141594, "sunrise_time": 1528079429, "clouds": 0, "rain": {}, "snow": {}, "wind": {"speed": 6.2, "deg": 310}, "humidity": 53, "pressure": {"press": 1008, "sea_level": null}, "temperature": {"temp": 295.73, "temp_kf": null, "temp_max": 297.15, "temp_min": 294.15}, "status": "Clear", "detailed_status": "clear sky", "weather_code": 800, "weather_icon_name": "01d", "visibility_distance": 10000, "dewpoint": null, "humidex": null, "heat_index": null}
time to checkup
{"reference_time": 1528134600, "sunset_time": 1528141595, "sunrise_time": 1528079428, "clouds": 0, "rain": {}, "snow": {}, "wind": {"speed": 6.2, "deg": 310}, "humidity": 53, "pressure": {"press": 1008, "sea_level": null}, "temperature": {"temp": 295.72, "temp_kf": null, "temp_max": 297.15, "temp_min": 294.15}, "status": "Clear", "detailed_status": "clear sky", "weather_code": 800, "weather_icon_name": "01d", "visibility_distance": 10000, "dewpoint": null, "humidex": null, "heat_index": null}
time to checkup
{"reference_time": 1528136400, "sunset_time": 1528141596, "sunrise_time": 1528079427, "clouds": 0, "rain": {}, "snow": {}, "wind": {"speed": 5.7}, "humidity": 43, "pressure": {"press": 1008, "sea_level": null}, "temperature": {"temp": 294.93, "temp_kf": null, "temp_max": 296.15, "temp_min": 294.15}, "status": "Clear", "detailed_status": "clear sky", "weather_code": 800, "weather_icon_name": "01d", "visibility_distance": 10000, "dewpoint": null, "humidex": null, "heat_index": null}
time to checkup
{"reference_time": 1528138200, "sunset_time": 1528141597, "sunrise_time": 1528079427, "clouds": 0, "rain": {}, "snow": {}, "wind": {"speed": 4.6, "deg": 300}, "humidity": 49, "pressure": {"press": 1008, "sea_level": null}, "temperature": {"temp": 293.93, "temp_kf": null, "temp_max": 296.15, "temp_min": 293.15}, "status": "Clear", "detailed_status": "clear sky", "weather_code": 800, "weather_icon_name": "01d", "visibility_distance": 10000, "dewpoint": null, "humidex": null, "heat_index": null}
time to checkup
{"reference_time": 1528138200, "sunset_time": 1528141598, "sunrise_time": 1528079426, "clouds": 0, "rain": {}, "snow": {}, "wind": {"speed": 4.6, "deg": 300}, "humidity": 49, "pressure": {"press": 1008, "sea_level": null}, "temperature": {"temp": 293.92, "temp_kf": null, "temp_max": 296.15, "temp_min": 293.15}, "status": "Clear", "detailed_status": "clear sky", "weather_code": 800, "weather_icon_name": "01d", "visibility_distance": 10000, "dewpoint": null, "humidex": null, "heat_index": null}
time to checkup
{"reference_time": 1528140000, "sunset_time": 1528141599, "sunrise_time": 1528079425, "clouds": 0, "rain": {}, "snow": {}, "wind": {"speed": 4.6, "deg": 310}, "humidity": 56, "pressure": {"press": 1008, "sea_level": null}, "temperature": {"temp": 293.13, "temp_kf": null, "temp_max": 295.15, "temp_min": 292.15}, "status": "Clear", "detailed_status": "clear sky", "weather_code": 800, "weather_icon_name": "01d", "visibility_distance": 10000, "dewpoint": null, "humidex": null, "heat_index": null}
time to checkup
{"reference_time": 1528141800, "sunset_time": 1528141600, "sunrise_time": 1528079425, "clouds": 0, "rain": {}, "snow": {}, "wind": {"speed": 4.1, "deg": 300}, "humidity": 56, "pressure": {"press": 1008, "sea_level": null}, "temperature": {"temp": 292.33, "temp_kf": null, "temp_max": 295.15, "temp_min": 291.15}, "status": "Clear", "detailed_status": "clear sky", "weather_code": 800, "weather_icon_name": "01n", "visibility_distance": 10000, "dewpoint": null, "humidex": null, "heat_index": null}
time to checkup
{"reference_time": 1528141800, "sunset_time": 1528141601, "sunrise_time": 1528079424, "clouds": 0, "rain": {}, "snow": {}, "wind": {"speed": 4.1, "deg": 300}, "humidity": 56, "pressure": {"press": 1008, "sea_level": null}, "temperature": {"temp": 292.32, "temp_kf": null, "temp_max": 295.15, "temp_min": 291.15}, "status": "Clear", "detailed_status": "clear sky", "weather_code": 800, "weather_icon_name": "01n", "visibility_distance": 10000, "dewpoint": null, "humidex": null, "heat_index": null}
time to checkup
{"reference_time": 1528143600, "sunset_time": 1528141602, "sunrise_time": 1528079423, "clouds": 0, "rain": {}, "snow": {}, "wind": {"speed": 5.1, "deg": 300}, "humidity": 56, "pressure": {"press": 1008, "sea_level": null}, "temperature": {"temp": 291.32, "temp_kf": null, "temp_max": 294.15, "temp_min": 290.15}, "status": "Clear", "detailed_status": "clear sky", "weather_code": 800, "weather_icon_name": "01n", "visibility_distance": 10000, "dewpoint": null, "humidex": null, "heat_index": null}
time to checkup
{"reference_time": 1528145400, "sunset_time": 1528141603, "sunrise_time": 1528079423, "clouds": 0, "rain": {}, "snow": {}, "wind": {"speed": 3.6, "deg": 290}, "humidity": 64, "pressure": {"press": 1008, "sea_level": null}, "temperature": {"temp": 290.94, "temp_kf": null, "temp_max": 293.15, "temp_min": 289.15}, "status": "Clear", "detailed_status": "clear sky", "weather_code": 800, "weather_icon_name": "01n", "visibility_distance": 10000, "dewpoint": null, "humidex": null, "heat_index": null}
time to checkup
{"reference_time": 1528145400, "sunset_time": 1528141604, "sunrise_time": 1528079422, "clouds": 0, "rain": {}, "snow": {}, "wind": {"speed": 3.6, "deg": 290}, "humidity": 64, "pressure": {"press": 1008, "sea_level": null}, "temperature": {"temp": 290.94, "temp_kf": null, "temp_max": 293.15, "temp_min": 289.15}, "status": "Clear", "detailed_status": "clear sky", "weather_code": 800, "weather_icon_name": "01n", "visibility_distance": 10000, "dewpoint": null, "humidex": null, "heat_index": null}
time to checkup
{"reference_time": 1528147200, "sunset_time": 1528141605, "sunrise_time": 1528079421, "clouds": 0, "rain": {}, "snow": {}, "wind": {"speed": 3.1, "deg": 290}, "humidity": 59, "pressure": {"press": 1008, "sea_level": null}, "temperature": {"temp": 290.14, "temp_kf": null, "temp_max": 292.15, "temp_min": 288.15}, "status": "Clear", "detailed_status": "clear sky", "weather_code": 800, "weather_icon_name": "01n", "visibility_distance": 10000, "dewpoint": null, "humidex": null, "heat_index": null}
time to checkup
{"reference_time": 1528149000, "sunset_time": 1528141606, "sunrise_time": 1528079420, "clouds": 0, "rain": {}, "snow": {}, "wind": {"speed": 3.6, "deg": 290}, "humidity": 63, "pressure": {"press": 1008, "sea_level": null}, "temperature": {"temp": 290.14, "temp_kf": null, "temp_max": 292.15, "temp_min": 288.15}, "status": "Clear", "detailed_status": "clear sky", "weather_code": 800, "weather_icon_name": "01n", "visibility_distance": 10000, "dewpoint": null, "humidex": null, "heat_index": null}
time to checkup
{"reference_time": 1528149000, "sunset_time": 1528141607, "sunrise_time": 1528079420, "clouds": 0, "rain": {}, "snow": {}, "wind": {"speed": 3.6, "deg": 290}, "humidity": 63, "pressure": {"press": 1008, "sea_level": null}, "temperature": {"temp": 290.14, "temp_kf": null, "temp_max": 292.15, "temp_min": 288.15}, "status": "Clear", "detailed_status": "clear sky", "weather_code": 800, "weather_icon_name": "01n", "visibility_distance": 10000, "dewpoint": null, "humidex": null, "heat_index": null}
time to checkup
{"reference_time": 1528150800, "sunset_time": 1528141608, "sunrise_time": 1528079419, "clouds": 0, "rain": {}, "snow": {}, "wind": {"speed": 3.6, "deg": 310}, "humidity": 68, "pressure": {"press": 1009, "sea_level": null}, "temperature": {"temp": 290.14, "temp_kf": null, "temp_max": 292.15, "temp_min": 288.15}, "status": "Clear", "detailed_status": "clear sky", "weather_code": 800, "weather_icon_name": "01n", "visibility_distance": 10000, "dewpoint": null, "humidex": null, "heat_index": null}
time to checkup
{"reference_time": 1528152600, "sunset_time": 1528141609, "sunrise_time": 1528079418, "clouds": 32, "rain": {}, "snow": {}, "wind": {"speed": 2.6, "deg": 300}, "humidity": 87, "pressure": {"press": 1009, "sea_level": null}, "temperature": {"temp": 289.96, "temp_kf": null, "temp_max": 292.15, "temp_min": 288.15}, "status": "Mist", "detailed_status": "mist", "weather_code": 701, "weather_icon_name": "50n", "visibility_distance": null, "dewpoint": null, "humidex": null, "heat_index": null}
time to checkup
{"reference_time": 1528152600, "sunset_time": 1528141610, "sunrise_time": 1528079418, "clouds": 32, "rain": {}, "snow": {}, "wind": {"speed": 2.6, "deg": 300}, "humidity": 87, "pressure": {"press": 1009, "sea_level": null}, "temperature": {"temp": 289.96, "temp_kf": null, "temp_max": 292.15, "temp_min": 288.15}, "status": "Mist", "detailed_status": "mist", "weather_code": 701, "weather_icon_name": "50n", "visibility_distance": null, "dewpoint": null, "humidex": null, "heat_index": null}
time to checkup
{"reference_time": 1528154400, "sunset_time": 1528141610, "sunrise_time": 1528079417, "clouds": 0, "rain": {}, "snow": {}, "wind": {"speed": 3.6, "deg": 290}, "humidity": 82, "pressure": {"press": 1009, "sea_level": null}, "temperature": {"temp": 289.13, "temp_kf": null, "temp_max": 291.15, "temp_min": 287.15}, "status": "Clear", "detailed_status": "clear sky", "weather_code": 800, "weather_icon_name": "01n", "visibility_distance": 10000, "dewpoint": null, "humidex": null, "heat_index": null}
time to checkup
{"reference_time": 1528156200, "sunset_time": 1528228011, "sunrise_time": 1528165816, "clouds": 0, "rain": {}, "snow": {}, "wind": {"speed": 4.1, "deg": 300}, "humidity": 82, "pressure": {"press": 1009, "sea_level": null}, "temperature": {"temp": 289.33, "temp_kf": null, "temp_max": 291.15, "temp_min": 288.15}, "status": "Clear", "detailed_status": "clear sky", "weather_code": 800, "weather_icon_name": "01n", "visibility_distance": 10000, "dewpoint": null, "humidex": null, "heat_index": null}